<?xml version="1.0" encoding="utf-8"?><testsuites name="pytest tests"><testsuite name="pytest" errors="0" failures="0" skipped="0" tests="9" time="2.524" timestamp="2026-06-26T10:04:05.241442+00:00" hostname="agent-env-99420194-eebd-4909-89b6-c486255908f8"><testcase classname="tests.test_e26_backend" name="test_root" time="0.261" /><testcase classname="tests.test_e26_backend" name="test_create_lead_success" time="0.049" /><testcase classname="tests.test_e26_backend" name="test_create_lead_validation_missing_field" time="0.045" /><testcase classname="tests.test_e26_backend" name="test_create_lead_empty_strings" time="0.042" /><testcase classname="tests.test_e26_backend" name="test_admin_login_invalid" time="0.324" /><testcase classname="tests.test_e26_backend" name="test_admin_login_ok" time="0.273" /><testcase classname="tests.test_e26_backend" name="test_admin_leads_requires_auth" time="0.043" /><testcase classname="tests.test_e26_backend" name="test_admin_leads_lists_and_persists" time="0.132" /><testcase classname="tests.test_e26_backend" name="test_admin_stats" time="0.131" /></testsuite></testsuites>